./stack-facturador-smart/smart1/app/CoreFacturalo/Templates/pdf/concremix/invoice_a4.blade (3).php
./stack-facturador-smart/smart1/app/CoreFacturalo/Templates/pdf/corvels/style (1).css
./stack-facturador-smart/smart1/app/CoreFacturalo/Templates/pdf/corvels_2/style (1).css
./stack-facturador-smart/smart1/save()
./stack-facturador-smart/smart1/vendor/mpdf/mpdf/data/collations/Azeri_(Cyrillic)_Azerbaijan.php
./stack-facturador-smart/smart1/vendor/mpdf/mpdf/data/collations/Azeri_(Latin)_Azerbaijan.php
./stack-facturador-smart/smart1/vendor/mpdf/mpdf/data/collations/Bosnian_(Cyrillic)_Bosnia_and_Herzegovina.php
./stack-facturador-smart/smart1/vendor/mpdf/mpdf/data/collations/Bosnian_(Latin)_Bosnia_and_Herzegovina.php
./stack-facturador-smart/smart1/vendor/mpdf/mpdf/data/collations/Croatian_(Latin)_Bosnia_and_Herzegovina.php
./stack-facturador-smart/smart1/vendor/mpdf/mpdf/data/collations/Hausa_(Latin)_Nigeria.php
./stack-facturador-smart/smart1/vendor/mpdf/mpdf/data/collations/Inuktitut_(Latin)_Canada.php
./stack-facturador-smart/smart1/vendor/mpdf/mpdf/data/collations/Macedonian_(FYROM)_Macedonia_(FYROM).php
./stack-facturador-smart/smart1/vendor/mpdf/mpdf/data/collations/Mongolian_(Cyrillic)_Mongolia.php
./stack-facturador-smart/smart1/vendor/mpdf/mpdf/data/collations/Norwegian_(Nynorsk)_Norway.php
./stack-facturador-smart/smart1/vendor/mpdf/mpdf/data/collations/Sami_(Inari)_Finland.php
./stack-facturador-smart/smart1/vendor/mpdf/mpdf/data/collations/Sami_(Lule)_Norway.php
./stack-facturador-smart/smart1/vendor/mpdf/mpdf/data/collations/Sami_(Lule)_Sweden.php
./stack-facturador-smart/smart1/vendor/mpdf/mpdf/data/collations/Sami_(Northern)_Finland.php
./stack-facturador-smart/smart1/vendor/mpdf/mpdf/data/collations/Sami_(Northern)_Norway.php
./stack-facturador-smart/smart1/vendor/mpdf/mpdf/data/collations/Sami_(Northern)_Sweden.php
./stack-facturador-smart/smart1/vendor/mpdf/mpdf/data/collations/Sami_(Skolt)_Finland.php
./stack-facturador-smart/smart1/vendor/mpdf/mpdf/data/collations/Sami_(Southern)_Norway.php
./stack-facturador-smart/smart1/vendor/mpdf/mpdf/data/collations/Sami_(Southern)_Sweden.php
./stack-facturador-smart/smart1/vendor/mpdf/mpdf/data/collations/Serbian_(Cyrillic)_Bosnia_and_Herzegovina.php
./stack-facturador-smart/smart1/vendor/mpdf/mpdf/data/collations/Serbian_(Cyrillic)_Serbia.php
./stack-facturador-smart/smart1/vendor/mpdf/mpdf/data/collations/Serbian_(Latin)_Bosnia_and_Herzegovina.php
./stack-facturador-smart/smart1/vendor/mpdf/mpdf/data/collations/Serbian_(Latin)_Serbia.php
./stack-facturador-smart/smart1/vendor/mpdf/mpdf/data/collations/Tajik_(Cyrillic)_Tajikistan.php
./stack-facturador-smart/smart1/vendor/mpdf/mpdf/data/collations/Tamazight_(Latin)_Algeria.php
./stack-facturador-smart/smart1/vendor/mpdf/mpdf/data/collations/Uzbek_(Cyrillic)_Uzbekistan.php
./stack-facturador-smart/smart1/vendor/mpdf/mpdf/data/collations/Uzbek_(Latin)_Uzbekistan.php
