Sat, Dec 13, 2025 11:48:09 PM: Cambios subidos exitosamente - con cambios sh
Sat, Dec 13, 2025 11:58:27 PM: Cambios subidos exitosamente - ficheros devops
Sun, Dec 14, 2025 12:18:43 AM: Cambios subidos exitosamente - tune doker
Sun Dec 14 22:11:03 HPS 2025: Cambios subidos exitosamente - mod pro
Sun Dec 14 23:14:08 HPS 2025: Cambios subidos exitosamente - con cambio
Sun Dec 14 23:38:29 HPS 2025: Cambios subidos exitosamente - bien
Mon Dec 15 10:08:46 HPS 2025: Cambios subidos exitosamente - con laravel 8.3
Mon Dec 15 11:33:06 HPS 2025: Cambios subidos exitosamente - supervisor
Mon Dec 15 13:07:32 HPS 2025: Cambios subidos exitosamente - php7
Mon Dec 15 13:32:29 HPS 2025: Cambios subidos exitosamente - php7.4
Mon Dec 15 23:10:44 HPS 2025: Cambios subidos exitosamente - Actualización de código y configuración - 2025-12-15_23:09:10
Tue Dec 16 00:09:02 HPS 2025: Cambios subidos exitosamente - ok
Tue Dec 16 12:39:37 HPS 2025: Cambios subidos exitosamente - con https
Fri Dec 19 16:17:11 HPS 2025: Cambios subidos exitosamente - deplo2
Tue Dec 23 17:13:22 HPS 2025: Cambios subidos exitosamente - changes v2
Tue Dec 23 17:52:58 HPS 2025: Cambios subidos exitosamente - tercero
Tue Dec 23 18:14:31 HPS 2025: Cambios subidos exitosamente - cuarto
Tue Dec 23 20:08:05 HPS 2025: Cambios subidos exitosamente - quinto
Tue Dec 23 20:20:18 HPS 2025: Cambios subidos exitosamente - v3
Tue Dec 23 23:54:19 HPS 2025: Cambios subidos exitosamente - dev1
Thu Dec 25 23:52:24 HPS 2025: Cambios subidos exitosamente - cambio1
Tue Dec 30 23:29:05 HPS 2025: Cambios subidos exitosamente - bien
